[0.704s] DEBUG:colcon:Command line arguments: ['/usr/bin/colcon', 'build']
[0.704s] DEBUG:colcon:Parsed command line arguments: Namespace(allow_overriding=[], ament_cmake_args=None, base_paths=['.'], build_base='build', catkin_cmake_args=None, catkin_skip_building_tests=False, cmake_args=None, cmake_clean_cache=False, cmake_clean_first=False, cmake_force_configure=False, cmake_target=None, cmake_target_skip_unavailable=False, continue_on_error=False, event_handlers=None, executor='parallel', ignore_user_meta=False, install_base='install', log_base=None, log_level=None, main=<bound method BuildVerb.main of <colcon_core.verb.build.BuildVerb object at 0x7f80a9ec0fa0>>, merge_install=False, metas=['./colcon.meta'], packages_above=None, packages_above_and_dependencies=None, packages_above_depth=None, packages_end=None, packages_ignore=None, packages_ignore_regex=None, packages_select=None, packages_select_build_failed=False, packages_select_by_dep=None, packages_select_regex=None, packages_select_test_failures=False, packages_skip=None, packages_skip_build_finished=False, packages_skip_by_dep=None, packages_skip_regex=None, packages_skip_test_passed=False, packages_skip_up_to=None, packages_start=None, packages_up_to=None, packages_up_to_regex=None, parallel_workers=8, paths=None, symlink_install=False, test_result_base=None, verb_extension=<colcon_core.verb.build.BuildVerb object at 0x7f80a9ec0fa0>, verb_name='build', verb_parser=<colcon_defaults.argument_parser.defaults.DefaultArgumentsDecorator object at 0x7f80a9e51460>)
[0.918s] Level 1:colcon.colcon_core.package_discovery:discover_packages(colcon_meta) check parameters
[0.918s] Level 1:colcon.colcon_core.package_discovery:discover_packages(recursive) check parameters
[0.918s] Level 1:colcon.colcon_core.package_discovery:discover_packages(ignore) check parameters
[0.918s] Level 1:colcon.colcon_core.package_discovery:discover_packages(path) check parameters
[0.918s] Level 1:colcon.colcon_core.package_discovery:discover_packages(colcon_meta) discover
[0.918s] Level 1:colcon.colcon_core.package_discovery:discover_packages(recursive) discover
[0.918s] INFO:colcon.colcon_core.package_discovery:Crawling recursively for packages in '/home/leoo/Desktop/proj3p2_tu_Li_ajayi/project3_ws'
[0.919s] Level 1:colcon.colcon_core.package_identification:_identify(.) by extensions ['ignore', 'ignore_ament_install']
[0.919s] Level 1:colcon.colcon_core.package_identification:_identify(.) by extension 'ignore'
[0.919s] Level 1:colcon.colcon_core.package_identification:_identify(.) by extension 'ignore_ament_install'
[0.919s] Level 1:colcon.colcon_core.package_identification:_identify(.) by extensions ['colcon_pkg']
[0.919s] Level 1:colcon.colcon_core.package_identification:_identify(.) by extension 'colcon_pkg'
[0.919s] Level 1:colcon.colcon_core.package_identification:_identify(.) by extensions ['colcon_meta']
[0.919s] Level 1:colcon.colcon_core.package_identification:_identify(.) by extension 'colcon_meta'
[0.919s] Level 1:colcon.colcon_core.package_identification:_identify(.) by extensions ['ros']
[0.919s] Level 1:colcon.colcon_core.package_identification:_identify(.) by extension 'ros'
[0.936s] Level 1:colcon.colcon_core.package_identification:_identify(.) by extensions ['cmake', 'python']
[0.936s] Level 1:colcon.colcon_core.package_identification:_identify(.) by extension 'cmake'
[0.936s] Level 1:colcon.colcon_core.package_identification:_identify(.) by extension 'python'
[0.936s] Level 1:colcon.colcon_core.package_identification:_identify(.) by extensions ['python_setup_py']
[0.936s] Level 1:colcon.colcon_core.package_identification:_identify(.) by extension 'python_setup_py'
[0.936s] Level 1:colcon.colcon_core.package_identification:_identify(build) by extensions ['ignore', 'ignore_ament_install']
[0.937s] Level 1:colcon.colcon_core.package_identification:_identify(build) by extension 'ignore'
[0.937s] Level 1:colcon.colcon_core.package_identification:_identify(build) ignored
[0.937s] Level 1:colcon.colcon_core.package_identification:_identify(install) by extensions ['ignore', 'ignore_ament_install']
[0.937s] Level 1:colcon.colcon_core.package_identification:_identify(install) by extension 'ignore'
[0.937s] Level 1:colcon.colcon_core.package_identification:_identify(install) ignored
[0.937s] Level 1:colcon.colcon_core.package_identification:_identify(log) by extensions ['ignore', 'ignore_ament_install']
[0.937s] Level 1:colcon.colcon_core.package_identification:_identify(log) by extension 'ignore'
[0.937s] Level 1:colcon.colcon_core.package_identification:_identify(log) ignored
[0.937s] Level 1:colcon.colcon_core.package_identification:_identify(src) by extensions ['ignore', 'ignore_ament_install']
[0.937s] Level 1:colcon.colcon_core.package_identification:_identify(src) by extension 'ignore'
[0.937s] Level 1:colcon.colcon_core.package_identification:_identify(src) by extension 'ignore_ament_install'
[0.937s] Level 1:colcon.colcon_core.package_identification:_identify(src) by extensions ['colcon_pkg']
[0.937s] Level 1:colcon.colcon_core.package_identification:_identify(src) by extension 'colcon_pkg'
[0.938s] Level 1:colcon.colcon_core.package_identification:_identify(src) by extensions ['colcon_meta']
[0.938s] Level 1:colcon.colcon_core.package_identification:_identify(src) by extension 'colcon_meta'
[0.938s] Level 1:colcon.colcon_core.package_identification:_identify(src) by extensions ['ros']
[0.938s] Level 1:colcon.colcon_core.package_identification:_identify(src) by extension 'ros'
[0.938s] Level 1:colcon.colcon_core.package_identification:_identify(src) by extensions ['cmake', 'python']
[0.938s] Level 1:colcon.colcon_core.package_identification:_identify(src) by extension 'cmake'
[0.938s] Level 1:colcon.colcon_core.package_identification:_identify(src) by extension 'python'
[0.938s] Level 1:colcon.colcon_core.package_identification:_identify(src) by extensions ['python_setup_py']
[0.938s] Level 1:colcon.colcon_core.package_identification:_identify(src) by extension 'python_setup_py'
[0.938s] Level 1:colcon.colcon_core.package_identification:_identify(src/turtlebot3_project3) by extensions ['ignore', 'ignore_ament_install']
[0.938s] Level 1:colcon.colcon_core.package_identification:_identify(src/turtlebot3_project3) by extension 'ignore'
[0.938s] Level 1:colcon.colcon_core.package_identification:_identify(src/turtlebot3_project3) by extension 'ignore_ament_install'
[0.938s] Level 1:colcon.colcon_core.package_identification:_identify(src/turtlebot3_project3) by extensions ['colcon_pkg']
[0.938s] Level 1:colcon.colcon_core.package_identification:_identify(src/turtlebot3_project3) by extension 'colcon_pkg'
[0.938s] Level 1:colcon.colcon_core.package_identification:_identify(src/turtlebot3_project3) by extensions ['colcon_meta']
[0.938s] Level 1:colcon.colcon_core.package_identification:_identify(src/turtlebot3_project3) by extension 'colcon_meta'
[0.938s] Level 1:colcon.colcon_core.package_identification:_identify(src/turtlebot3_project3) by extensions ['ros']
[0.938s] Level 1:colcon.colcon_core.package_identification:_identify(src/turtlebot3_project3) by extension 'ros'
[0.943s] DEBUG:colcon.colcon_core.package_identification:Package 'src/turtlebot3_project3' with type 'ros.ament_cmake' and name 'turtlebot3_project3'
[0.943s] Level 1:colcon.colcon_core.package_discovery:discover_packages(recursive) using defaults
[0.943s] Level 1:colcon.colcon_core.package_discovery:discover_packages(ignore) discover
[0.943s] Level 1:colcon.colcon_core.package_discovery:discover_packages(ignore) using defaults
[0.943s] Level 1:colcon.colcon_core.package_discovery:discover_packages(path) discover
[0.943s] Level 1:colcon.colcon_core.package_discovery:discover_packages(path) using defaults
[0.977s] Level 1:colcon.colcon_core.package_discovery:discover_packages(prefix_path) check parameters
[0.977s] Level 1:colcon.colcon_core.package_discovery:discover_packages(prefix_path) discover
[0.982s] DEBUG:colcon.colcon_installed_package_information.package_discovery:Found 355 installed packages in /opt/ros/galactic
[0.996s] Level 1:colcon.colcon_core.package_discovery:discover_packages(prefix_path) using defaults
[1.163s] Level 5:colcon.colcon_core.verb:set package 'turtlebot3_project3' build argument 'cmake_args' from command line to 'None'
[1.163s] Level 5:colcon.colcon_core.verb:set package 'turtlebot3_project3' build argument 'cmake_target' from command line to 'None'
[1.163s] Level 5:colcon.colcon_core.verb:set package 'turtlebot3_project3' build argument 'cmake_target_skip_unavailable' from command line to 'False'
[1.163s] Level 5:colcon.colcon_core.verb:set package 'turtlebot3_project3' build argument 'cmake_clean_cache' from command line to 'False'
[1.163s] Level 5:colcon.colcon_core.verb:set package 'turtlebot3_project3' build argument 'cmake_clean_first' from command line to 'False'
[1.163s] Level 5:colcon.colcon_core.verb:set package 'turtlebot3_project3' build argument 'cmake_force_configure' from command line to 'False'
[1.163s] Level 5:colcon.colcon_core.verb:set package 'turtlebot3_project3' build argument 'ament_cmake_args' from command line to 'None'
[1.163s] Level 5:colcon.colcon_core.verb:set package 'turtlebot3_project3' build argument 'catkin_cmake_args' from command line to 'None'
[1.163s] Level 5:colcon.colcon_core.verb:set package 'turtlebot3_project3' build argument 'catkin_skip_building_tests' from command line to 'False'
[1.164s] DEBUG:colcon.colcon_core.verb:Building package 'turtlebot3_project3' with the following arguments: {'ament_cmake_args': None, 'build_base': '/home/leoo/Desktop/proj3p2_tu_Li_ajayi/project3_ws/build/turtlebot3_project3', 'catkin_cmake_args': None, 'catkin_skip_building_tests': False, 'cmake_args': None, 'cmake_clean_cache': False, 'cmake_clean_first': False, 'cmake_force_configure': False, 'cmake_target': None, 'cmake_target_skip_unavailable': False, 'install_base': '/home/leoo/Desktop/proj3p2_tu_Li_ajayi/project3_ws/install/turtlebot3_project3', 'merge_install': False, 'path': '/home/leoo/Desktop/proj3p2_tu_Li_ajayi/project3_ws/src/turtlebot3_project3', 'symlink_install': False, 'test_result_base': None}
[1.164s] INFO:colcon.colcon_core.executor:Executing jobs using 'parallel' executor
[1.165s] DEBUG:colcon.colcon_parallel_executor.executor.parallel:run_until_complete
[1.166s] INFO:colcon.colcon_ros.task.ament_cmake.build:Building ROS package in '/home/leoo/Desktop/proj3p2_tu_Li_ajayi/project3_ws/src/turtlebot3_project3' with build type 'ament_cmake'
[1.166s] INFO:colcon.colcon_cmake.task.cmake.build:Building CMake package in '/home/leoo/Desktop/proj3p2_tu_Li_ajayi/project3_ws/src/turtlebot3_project3'
[1.172s] INFO:colcon.colcon_core.plugin_system:Skipping extension 'colcon_core.shell.bat': Not used on non-Windows systems
[1.172s] INFO:colcon.colcon_core.shell:Skip shell extension 'powershell' for command environment: Not usable outside of PowerShell
[1.172s] DEBUG:colcon.colcon_core.shell:Skip shell extension 'dsv' for command environment
[1.188s] DEBUG:colcon.colcon_core.event_handler.log_command:Invoking command in '/home/leoo/Desktop/proj3p2_tu_Li_ajayi/project3_ws/build/turtlebot3_project3': CMAKE_PREFIX_PATH=/opt/ros/galactic /home/leoo/.local/bin/cmake --build /home/leoo/Desktop/proj3p2_tu_Li_ajayi/project3_ws/build/turtlebot3_project3 -- -j8 -l8
[1.499s] DEBUG:colcon.colcon_core.event_handler.log_command:Invoked command in '/home/leoo/Desktop/proj3p2_tu_Li_ajayi/project3_ws/build/turtlebot3_project3' returned '0': CMAKE_PREFIX_PATH=/opt/ros/galactic /home/leoo/.local/bin/cmake --build /home/leoo/Desktop/proj3p2_tu_Li_ajayi/project3_ws/build/turtlebot3_project3 -- -j8 -l8
[1.657s] DEBUG:colcon.colcon_core.event_handler.log_command:Invoking command in '/home/leoo/Desktop/proj3p2_tu_Li_ajayi/project3_ws/build/turtlebot3_project3': CMAKE_PREFIX_PATH=/opt/ros/galactic /home/leoo/.local/bin/cmake --install /home/leoo/Desktop/proj3p2_tu_Li_ajayi/project3_ws/build/turtlebot3_project3
[1.739s] Level 1:colcon.colcon_core.environment:create_environment_scripts_only(turtlebot3_project3)
[1.740s] DEBUG:colcon.colcon_core.event_handler.log_command:Invoked command in '/home/leoo/Desktop/proj3p2_tu_Li_ajayi/project3_ws/build/turtlebot3_project3' returned '0': CMAKE_PREFIX_PATH=/opt/ros/galactic /home/leoo/.local/bin/cmake --install /home/leoo/Desktop/proj3p2_tu_Li_ajayi/project3_ws/build/turtlebot3_project3
[1.749s] Level 1:colcon.colcon_core.environment:checking '/home/leoo/Desktop/proj3p2_tu_Li_ajayi/project3_ws/install/turtlebot3_project3' for CMake module files
[1.750s] Level 1:colcon.colcon_core.environment:checking '/home/leoo/Desktop/proj3p2_tu_Li_ajayi/project3_ws/install/turtlebot3_project3' for CMake config files
[1.750s] Level 1:colcon.colcon_core.shell:create_environment_hook('turtlebot3_project3', 'cmake_prefix_path')
[1.751s] INFO:colcon.colcon_core.shell:Creating environment hook '/home/leoo/Desktop/proj3p2_tu_Li_ajayi/project3_ws/install/turtlebot3_project3/share/turtlebot3_project3/hook/cmake_prefix_path.ps1'
[1.752s] INFO:colcon.colcon_core.shell:Creating environment descriptor '/home/leoo/Desktop/proj3p2_tu_Li_ajayi/project3_ws/install/turtlebot3_project3/share/turtlebot3_project3/hook/cmake_prefix_path.dsv'
[1.754s] INFO:colcon.colcon_core.shell:Creating environment hook '/home/leoo/Desktop/proj3p2_tu_Li_ajayi/project3_ws/install/turtlebot3_project3/share/turtlebot3_project3/hook/cmake_prefix_path.sh'
[1.756s] Level 1:colcon.colcon_core.environment:checking '/home/leoo/Desktop/proj3p2_tu_Li_ajayi/project3_ws/install/turtlebot3_project3/lib'
[1.756s] Level 1:colcon.colcon_core.environment:checking '/home/leoo/Desktop/proj3p2_tu_Li_ajayi/project3_ws/install/turtlebot3_project3/bin'
[1.756s] Level 1:colcon.colcon_core.environment:checking '/home/leoo/Desktop/proj3p2_tu_Li_ajayi/project3_ws/install/turtlebot3_project3/lib/pkgconfig/turtlebot3_project3.pc'
[1.756s] Level 1:colcon.colcon_core.environment:checking '/home/leoo/Desktop/proj3p2_tu_Li_ajayi/project3_ws/install/turtlebot3_project3/lib/python3.8/site-packages'
[1.756s] Level 1:colcon.colcon_core.environment:checking '/home/leoo/Desktop/proj3p2_tu_Li_ajayi/project3_ws/install/turtlebot3_project3/bin'
[1.757s] INFO:colcon.colcon_core.shell:Creating package script '/home/leoo/Desktop/proj3p2_tu_Li_ajayi/project3_ws/install/turtlebot3_project3/share/turtlebot3_project3/package.ps1'
[1.758s] INFO:colcon.colcon_core.shell:Creating package descriptor '/home/leoo/Desktop/proj3p2_tu_Li_ajayi/project3_ws/install/turtlebot3_project3/share/turtlebot3_project3/package.dsv'
[1.760s] INFO:colcon.colcon_core.shell:Creating package script '/home/leoo/Desktop/proj3p2_tu_Li_ajayi/project3_ws/install/turtlebot3_project3/share/turtlebot3_project3/package.sh'
[1.761s] INFO:colcon.colcon_core.shell:Creating package script '/home/leoo/Desktop/proj3p2_tu_Li_ajayi/project3_ws/install/turtlebot3_project3/share/turtlebot3_project3/package.bash'
[1.763s] INFO:colcon.colcon_core.shell:Creating package script '/home/leoo/Desktop/proj3p2_tu_Li_ajayi/project3_ws/install/turtlebot3_project3/share/turtlebot3_project3/package.zsh'
[1.764s] Level 1:colcon.colcon_core.environment:create_file_with_runtime_dependencies(/home/leoo/Desktop/proj3p2_tu_Li_ajayi/project3_ws/install/turtlebot3_project3/share/colcon-core/packages/turtlebot3_project3)
[1.853s] Level 1:colcon.colcon_core.environment:create_environment_scripts_only(turtlebot3_project3)
[1.853s] Level 1:colcon.colcon_core.environment:checking '/home/leoo/Desktop/proj3p2_tu_Li_ajayi/project3_ws/install/turtlebot3_project3' for CMake module files
[1.854s] Level 1:colcon.colcon_core.environment:checking '/home/leoo/Desktop/proj3p2_tu_Li_ajayi/project3_ws/install/turtlebot3_project3' for CMake config files
[1.854s] Level 1:colcon.colcon_core.shell:create_environment_hook('turtlebot3_project3', 'cmake_prefix_path')
[1.855s] INFO:colcon.colcon_core.shell:Creating environment hook '/home/leoo/Desktop/proj3p2_tu_Li_ajayi/project3_ws/install/turtlebot3_project3/share/turtlebot3_project3/hook/cmake_prefix_path.ps1'
[1.856s] INFO:colcon.colcon_core.shell:Creating environment descriptor '/home/leoo/Desktop/proj3p2_tu_Li_ajayi/project3_ws/install/turtlebot3_project3/share/turtlebot3_project3/hook/cmake_prefix_path.dsv'
[1.856s] INFO:colcon.colcon_core.shell:Creating environment hook '/home/leoo/Desktop/proj3p2_tu_Li_ajayi/project3_ws/install/turtlebot3_project3/share/turtlebot3_project3/hook/cmake_prefix_path.sh'
[1.858s] Level 1:colcon.colcon_core.environment:checking '/home/leoo/Desktop/proj3p2_tu_Li_ajayi/project3_ws/install/turtlebot3_project3/lib'
[1.858s] Level 1:colcon.colcon_core.environment:checking '/home/leoo/Desktop/proj3p2_tu_Li_ajayi/project3_ws/install/turtlebot3_project3/bin'
[1.858s] Level 1:colcon.colcon_core.environment:checking '/home/leoo/Desktop/proj3p2_tu_Li_ajayi/project3_ws/install/turtlebot3_project3/lib/pkgconfig/turtlebot3_project3.pc'
[1.858s] Level 1:colcon.colcon_core.environment:checking '/home/leoo/Desktop/proj3p2_tu_Li_ajayi/project3_ws/install/turtlebot3_project3/lib/python3.8/site-packages'
[1.858s] Level 1:colcon.colcon_core.environment:checking '/home/leoo/Desktop/proj3p2_tu_Li_ajayi/project3_ws/install/turtlebot3_project3/bin'
[1.859s] INFO:colcon.colcon_core.shell:Creating package script '/home/leoo/Desktop/proj3p2_tu_Li_ajayi/project3_ws/install/turtlebot3_project3/share/turtlebot3_project3/package.ps1'
[1.860s] INFO:colcon.colcon_core.shell:Creating package descriptor '/home/leoo/Desktop/proj3p2_tu_Li_ajayi/project3_ws/install/turtlebot3_project3/share/turtlebot3_project3/package.dsv'
[1.861s] INFO:colcon.colcon_core.shell:Creating package script '/home/leoo/Desktop/proj3p2_tu_Li_ajayi/project3_ws/install/turtlebot3_project3/share/turtlebot3_project3/package.sh'
[1.862s] INFO:colcon.colcon_core.shell:Creating package script '/home/leoo/Desktop/proj3p2_tu_Li_ajayi/project3_ws/install/turtlebot3_project3/share/turtlebot3_project3/package.bash'
[1.863s] INFO:colcon.colcon_core.shell:Creating package script '/home/leoo/Desktop/proj3p2_tu_Li_ajayi/project3_ws/install/turtlebot3_project3/share/turtlebot3_project3/package.zsh'
[1.864s] Level 1:colcon.colcon_core.environment:create_file_with_runtime_dependencies(/home/leoo/Desktop/proj3p2_tu_Li_ajayi/project3_ws/install/turtlebot3_project3/share/colcon-core/packages/turtlebot3_project3)
[1.865s] DEBUG:colcon.colcon_parallel_executor.executor.parallel:closing loop
[1.865s] DEBUG:colcon.colcon_parallel_executor.executor.parallel:loop closed
[1.865s] DEBUG:colcon.colcon_parallel_executor.executor.parallel:run_until_complete finished with '0'
[1.866s] DEBUG:colcon.colcon_core.event_reactor:joining thread
[1.883s] INFO:colcon.colcon_core.plugin_system:Skipping extension 'colcon_notification.desktop_notification.terminal_notifier': Not used on non-Darwin systems
[1.883s] INFO:colcon.colcon_core.plugin_system:Skipping extension 'colcon_notification.desktop_notification.win32': Not used on non-Windows systems
[1.883s] INFO:colcon.colcon_notification.desktop_notification:Sending desktop notification using 'notify2'
[2.065s] DEBUG:colcon.colcon_core.event_reactor:joined thread
[2.066s] INFO:colcon.colcon_core.shell:Creating prefix script '/home/leoo/Desktop/proj3p2_tu_Li_ajayi/project3_ws/install/local_setup.ps1'
[2.068s] INFO:colcon.colcon_core.shell:Creating prefix util module '/home/leoo/Desktop/proj3p2_tu_Li_ajayi/project3_ws/install/_local_setup_util_ps1.py'
[2.070s] INFO:colcon.colcon_core.shell:Creating prefix chain script '/home/leoo/Desktop/proj3p2_tu_Li_ajayi/project3_ws/install/setup.ps1'
[2.076s] INFO:colcon.colcon_core.shell:Creating prefix script '/home/leoo/Desktop/proj3p2_tu_Li_ajayi/project3_ws/install/local_setup.sh'
[2.078s] INFO:colcon.colcon_core.shell:Creating prefix util module '/home/leoo/Desktop/proj3p2_tu_Li_ajayi/project3_ws/install/_local_setup_util_sh.py'
[2.079s] INFO:colcon.colcon_core.shell:Creating prefix chain script '/home/leoo/Desktop/proj3p2_tu_Li_ajayi/project3_ws/install/setup.sh'
[2.081s] INFO:colcon.colcon_core.shell:Creating prefix script '/home/leoo/Desktop/proj3p2_tu_Li_ajayi/project3_ws/install/local_setup.bash'
[2.082s] INFO:colcon.colcon_core.shell:Creating prefix chain script '/home/leoo/Desktop/proj3p2_tu_Li_ajayi/project3_ws/install/setup.bash'
[2.084s] INFO:colcon.colcon_core.shell:Creating prefix script '/home/leoo/Desktop/proj3p2_tu_Li_ajayi/project3_ws/install/local_setup.zsh'
[2.086s] INFO:colcon.colcon_core.shell:Creating prefix chain script '/home/leoo/Desktop/proj3p2_tu_Li_ajayi/project3_ws/install/setup.zsh'
