[0.019s] Invoking command in '/home/leoo/Desktop/proj3p2_tu_Li_ajayi/project3_ws/build/turtlebot3_project3': CMAKE_PREFIX_PATH=${CMAKE_PREFIX_PATH}:/opt/ros/galactic /home/leoo/.local/bin/cmake --build /home/leoo/Desktop/proj3p2_tu_Li_ajayi/project3_ws/build/turtlebot3_project3 -- -j8 -l8
[0.101s] -- Found ament_cmake: 1.1.6 (/opt/ros/galactic/share/ament_cmake/cmake)
[0.112s] [33mCMake Warning (dev) at /opt/ros/galactic/share/ament_cmake_core/cmake/core/python.cmake:22 (find_package):
[0.112s]   Policy CMP0148 is not set: The FindPythonInterp and FindPythonLibs modules
[0.112s]   are removed.  Run "cmake --help-policy CMP0148" for policy details.  Use
[0.112s]   the cmake_policy command to set the policy and suppress this warning.
[0.112s] 
[0.112s] Call Stack (most recent call first):
[0.112s]   /opt/ros/galactic/share/ament_cmake_core/cmake/core/all.cmake:53 (include)
[0.112s]   /opt/ros/galactic/share/ament_cmake_core/cmake/ament_cmake_core-extras.cmake:17 (include)
[0.112s]   /opt/ros/galactic/share/ament_cmake_core/cmake/ament_cmake_coreConfig.cmake:41 (include)
[0.112s]   /opt/ros/galactic/share/ament_cmake/cmake/ament_cmake_export_dependencies-extras.cmake:15 (find_package)
[0.112s]   /opt/ros/galactic/share/ament_cmake/cmake/ament_cmakeConfig.cmake:41 (include)
[0.113s]   CMakeLists.txt:22 (find_package)
[0.113s] This warning is for project developers.  Use -Wno-dev to suppress it.
[0.113s] [0m
[0.134s] -- Using PYTHON_EXECUTABLE: /usr/bin/python3
[0.257s] [33mCMake Warning (dev) at /home/leoo/.local/lib/python3.8/site-packages/cmake/data/share/cmake-3.30/Modules/FindPackageHandleStandardArgs.cmake:441 (message):
[0.258s]   The package name passed to `find_package_handle_standard_args` (PkgConfig)
[0.258s]   does not match the name of the calling package (gazebo).  This can lead to
[0.258s]   problems in calling code that expects `find_package` result variables
[0.258s]   (e.g., `_FOUND`) to follow a certain pattern.
[0.258s] Call Stack (most recent call first):
[0.258s]   /home/leoo/.local/lib/python3.8/site-packages/cmake/data/share/cmake-3.30/Modules/FindPkgConfig.cmake:114 (find_package_handle_standard_args)
[0.258s]   /usr/lib/x86_64-linux-gnu/cmake/gazebo/gazebo-config.cmake:72 (include)
[0.258s]   CMakeLists.txt:23 (find_package)
[0.258s] This warning is for project developers.  Use -Wno-dev to suppress it.
[0.258s] [0m
[0.307s] [33mCMake Warning (dev) at /usr/share/dart/cmake/DARTFindBoost.cmake:24 (find_package):
[0.307s]   Policy CMP0167 is not set: The FindBoost module is removed.  Run "cmake
[0.307s]   --help-policy CMP0167" for policy details.  Use the cmake_policy command to
[0.307s]   set the policy and suppress this warning.
[0.307s] 
[0.307s] Call Stack (most recent call first):
[0.308s]   /usr/share/dart/cmake/dart_dartComponent.cmake:6 (include)
[0.308s]   /usr/share/dart/cmake/DARTConfig.cmake:63 (include)
[0.308s]   /usr/share/dart/cmake/DARTConfig.cmake:123 (dart_traverse_components)
[0.308s]   /usr/share/dart/cmake/DARTConfig.cmake:171 (dart_package_init)
[0.308s]   /usr/lib/x86_64-linux-gnu/cmake/gazebo/gazebo-config.cmake:166 (find_package)
[0.308s]   CMakeLists.txt:23 (find_package)
[0.308s] This warning is for project developers.  Use -Wno-dev to suppress it.
[0.308s] [0m
[0.344s] -- Found DART: /usr/include (Required is at least version "6.6") found components: dart
[0.395s] [33mCMake Warning (dev) at /usr/lib/x86_64-linux-gnu/cmake/gazebo/gazebo-config.cmake:197 (find_package):
[0.395s]   Policy CMP0167 is not set: The FindBoost module is removed.  Run "cmake
[0.395s]   --help-policy CMP0167" for policy details.  Use the cmake_policy command to
[0.396s]   set the policy and suppress this warning.
[0.396s] 
[0.396s] Call Stack (most recent call first):
[0.396s]   CMakeLists.txt:23 (find_package)
[0.396s] This warning is for project developers.  Use -Wno-dev to suppress it.
[0.396s] [0m
[0.458s] -- Found Protobuf: /usr/lib/x86_64-linux-gnu/libprotobuf.so;-lpthread (found version "3.6.1")
[0.463s] -- Looking for ignition-math6 -- found version 6.15.1
[0.483s] -- Searching for dependencies of ignition-math6
[0.492s] -- Looking for OGRE...
[0.500s] -- Found Ogre Ghadamon (1.9.0)
[0.503s] -- Found OGRE: optimized;/usr/lib/x86_64-linux-gnu/libOgreMain.so;debug;/usr/lib/x86_64-linux-gnu/libOgreMain.so
[0.503s] [33mCMake Warning (dev) at /usr/share/OGRE/cmake/modules/FindOGRE.cmake:309 (find_package):
[0.503s]   Policy CMP0167 is not set: The FindBoost module is removed.  Run "cmake
[0.503s]   --help-policy CMP0167" for policy details.  Use the cmake_policy command to
[0.504s]   set the policy and suppress this warning.
[0.504s] 
[0.504s] Call Stack (most recent call first):
[0.504s]   /usr/lib/x86_64-linux-gnu/cmake/gazebo/gazebo-config.cmake:213 (find_package)
[0.504s]   CMakeLists.txt:23 (find_package)
[0.504s] This warning is for project developers.  Use -Wno-dev to suppress it.
[0.504s] [0m
[0.510s] [33mCMake Warning (dev) at /usr/share/OGRE/cmake/modules/FindOGRE.cmake:318 (find_package):
[0.511s]   Policy CMP0167 is not set: The FindBoost module is removed.  Run "cmake
[0.511s]   --help-policy CMP0167" for policy details.  Use the cmake_policy command to
[0.511s]   set the policy and suppress this warning.
[0.511s] 
[0.511s] Call Stack (most recent call first):
[0.511s]   /usr/lib/x86_64-linux-gnu/cmake/gazebo/gazebo-config.cmake:213 (find_package)
[0.512s]   CMakeLists.txt:23 (find_package)
[0.512s] This warning is for project developers.  Use -Wno-dev to suppress it.
[0.512s] [0m
[0.516s] -- Looking for OGRE_Paging...
[0.517s] -- Found OGRE_Paging: optimized;/usr/lib/x86_64-linux-gnu/libOgrePaging.so;debug;/usr/lib/x86_64-linux-gnu/libOgrePaging.so
[0.517s] -- Looking for OGRE_Terrain...
[0.517s] -- Found OGRE_Terrain: optimized;/usr/lib/x86_64-linux-gnu/libOgreTerrain.so;debug;/usr/lib/x86_64-linux-gnu/libOgreTerrain.so
[0.518s] -- Looking for OGRE_Property...
[0.518s] -- Found OGRE_Property: optimized;/usr/lib/x86_64-linux-gnu/libOgreProperty.so;debug;/usr/lib/x86_64-linux-gnu/libOgreProperty.so
[0.518s] -- Looking for OGRE_RTShaderSystem...
[0.518s] -- Found OGRE_RTShaderSystem: optimized;/usr/lib/x86_64-linux-gnu/libOgreRTShaderSystem.so;debug;/usr/lib/x86_64-linux-gnu/libOgreRTShaderSystem.so
[0.518s] -- Looking for OGRE_Volume...
[0.518s] -- Found OGRE_Volume: optimized;/usr/lib/x86_64-linux-gnu/libOgreVolume.so;debug;/usr/lib/x86_64-linux-gnu/libOgreVolume.so
[0.518s] -- Looking for OGRE_Overlay...
[0.518s] -- Found OGRE_Overlay: optimized;/usr/lib/x86_64-linux-gnu/libOgreOverlay.so;debug;/usr/lib/x86_64-linux-gnu/libOgreOverlay.so
[0.791s] -- Looking for ignition-math6 -- found version 6.15.1
[0.794s] -- Looking for ignition-transport8 -- found version 8.3.0
[0.794s] -- Searching for dependencies of ignition-transport8
[0.813s] -- Found Protobuf: /usr/lib/x86_64-linux-gnu/libprotobuf.so;-lpthread (found suitable version "3.6.1", minimum required is "3")
[0.825s] -- Config-file not installed for ZeroMQ -- checking for pkg-config
[0.830s] -- Checking for module 'libzmq >= 4'
[0.851s] --   Found libzmq, version 4.3.2
[0.902s] -- Checking for module 'uuid'
[0.920s] --   Found uuid, version 2.34.0
[0.967s] -- Looking for ignition-msgs5 -- found version 5.10.0
[0.968s] -- Searching for dependencies of ignition-msgs5
[0.988s] -- Looking for ignition-math6 -- found version 6.15.1
[0.994s] -- Checking for module 'tinyxml2'
[1.013s] --   Found tinyxml2, version 6.2.0
[1.062s] -- Looking for ignition-msgs5 -- found version 5.10.0
[1.064s] -- Looking for ignition-common3 -- found version 3.14.2
[1.064s] -- Searching for dependencies of ignition-common3
[1.065s] -- Looking for dlfcn.h - found
[1.065s] -- Looking for libdl - found
[1.080s] -- Searching for <ignition-common3> component [graphics]
[1.081s] -- Looking for ignition-common3-graphics -- found version 3.14.2
[1.082s] -- Searching for dependencies of ignition-common3-graphics
[1.082s] -- Looking for ignition-math6 -- found version 6.15.1
[1.087s] -- Looking for ignition-fuel_tools4 -- found version 4.6.0
[1.087s] -- Searching for dependencies of ignition-fuel_tools4
[1.137s] -- Checking for module 'jsoncpp'
[1.155s] --   Found jsoncpp, version 1.7.4
[1.209s] -- Checking for module 'libzip'
[1.226s] --   Found libzip, version 1.5.1
[1.272s] -- Looking for ignition-common3 -- found version 3.14.2
[1.272s] -- Looking for ignition-math6 -- found version 6.15.1
[1.273s] -- Looking for ignition-msgs5 -- found version 5.10.0
[1.277s] -- Found gazebo_ros_pkgs: 3.5.2 (/opt/ros/galactic/share/gazebo_ros_pkgs/cmake)
[1.278s] -- Found geometry_msgs: 2.2.4 (/opt/ros/galactic/share/geometry_msgs/cmake)
[1.320s] -- Using all available rosidl_typesupport_c: rosidl_typesupport_fastrtps_c;rosidl_typesupport_introspection_c
[1.329s] -- Found rosidl_adapter: 2.2.3 (/opt/ros/galactic/share/rosidl_adapter/cmake)
[1.513s] -- Using all available rosidl_typesupport_cpp: rosidl_typesupport_fastrtps_cpp;rosidl_typesupport_introspection_cpp
[1.628s] -- Found nav_msgs: 2.2.4 (/opt/ros/galactic/share/nav_msgs/cmake)
[1.702s] -- Found rclcpp: 9.2.2 (/opt/ros/galactic/share/rclcpp/cmake)
[1.777s] -- Found rmw_implementation_cmake: 3.3.1 (/opt/ros/galactic/share/rmw_implementation_cmake/cmake)
[1.782s] -- Found rmw_cyclonedds_cpp: 0.22.6 (/opt/ros/galactic/share/rmw_cyclonedds_cpp/cmake)
[1.810s] -- Using RMW implementation 'rmw_cyclonedds_cpp' as default
[1.965s] -- Found sensor_msgs: 2.2.4 (/opt/ros/galactic/share/sensor_msgs/cmake)
[2.039s] -- Found tf2: 0.17.5 (/opt/ros/galactic/share/tf2/cmake)
[2.124s] -- Configuring done (2.0s)
[2.159s] -- Generating done (0.0s)
[2.161s] -- Build files have been written to: /home/leoo/Desktop/proj3p2_tu_Li_ajayi/project3_ws/build/turtlebot3_project3
[2.193s] [100%] Built target turtlebot3_drive
[2.212s] Invoked command in '/home/leoo/Desktop/proj3p2_tu_Li_ajayi/project3_ws/build/turtlebot3_project3' returned '0': CMAKE_PREFIX_PATH=${CMAKE_PREFIX_PATH}:/opt/ros/galactic /home/leoo/.local/bin/cmake --build /home/leoo/Desktop/proj3p2_tu_Li_ajayi/project3_ws/build/turtlebot3_project3 -- -j8 -l8
[2.359s] Invoking command in '/home/leoo/Desktop/proj3p2_tu_Li_ajayi/project3_ws/build/turtlebot3_project3': CMAKE_PREFIX_PATH=${CMAKE_PREFIX_PATH}:/opt/ros/galactic /home/leoo/.local/bin/cmake --install /home/leoo/Desktop/proj3p2_tu_Li_ajayi/project3_ws/build/turtlebot3_project3
[2.411s] -- Install configuration: ""
[2.412s] -- Up-to-date: /home/leoo/Desktop/proj3p2_tu_Li_ajayi/project3_ws/install/turtlebot3_project3/lib/turtlebot3_project3/turtlebot3_drive
[2.412s] -- Up-to-date: /home/leoo/Desktop/proj3p2_tu_Li_ajayi/project3_ws/install/turtlebot3_project3/share/turtlebot3_project3//launch
[2.413s] -- Up-to-date: /home/leoo/Desktop/proj3p2_tu_Li_ajayi/project3_ws/install/turtlebot3_project3/share/turtlebot3_project3//launch/spawn_turtlebot3.launch.py
[2.413s] -- Up-to-date: /home/leoo/Desktop/proj3p2_tu_Li_ajayi/project3_ws/install/turtlebot3_project3/share/turtlebot3_project3//launch/empty_world.launch.py
[2.413s] -- Up-to-date: /home/leoo/Desktop/proj3p2_tu_Li_ajayi/project3_ws/install/turtlebot3_project3/share/turtlebot3_project3//launch/robot_state_publisher.launch.py
[2.413s] -- Up-to-date: /home/leoo/Desktop/proj3p2_tu_Li_ajayi/project3_ws/install/turtlebot3_project3/share/turtlebot3_project3//launch/competition_world.launch.py
[2.414s] -- Up-to-date: /home/leoo/Desktop/proj3p2_tu_Li_ajayi/project3_ws/install/turtlebot3_project3/share/turtlebot3_project3//models
[2.414s] -- Up-to-date: /home/leoo/Desktop/proj3p2_tu_Li_ajayi/project3_ws/install/turtlebot3_project3/share/turtlebot3_project3//models/project3
[2.414s] -- Up-to-date: /home/leoo/Desktop/proj3p2_tu_Li_ajayi/project3_ws/install/turtlebot3_project3/share/turtlebot3_project3//models/project3/meshes
[2.414s] -- Up-to-date: /home/leoo/Desktop/proj3p2_tu_Li_ajayi/project3_ws/install/turtlebot3_project3/share/turtlebot3_project3//models/project3/meshes/project3-world.STL
[2.414s] -- Up-to-date: /home/leoo/Desktop/proj3p2_tu_Li_ajayi/project3_ws/install/turtlebot3_project3/share/turtlebot3_project3//models/project3/meshes/project3.STL
[2.414s] -- Up-to-date: /home/leoo/Desktop/proj3p2_tu_Li_ajayi/project3_ws/install/turtlebot3_project3/share/turtlebot3_project3//models/project3/model.config
[2.414s] -- Up-to-date: /home/leoo/Desktop/proj3p2_tu_Li_ajayi/project3_ws/install/turtlebot3_project3/share/turtlebot3_project3//models/project3/model.sdf
[2.415s] -- Up-to-date: /home/leoo/Desktop/proj3p2_tu_Li_ajayi/project3_ws/install/turtlebot3_project3/share/turtlebot3_project3//models/turtlebot3_common
[2.415s] -- Up-to-date: /home/leoo/Desktop/proj3p2_tu_Li_ajayi/project3_ws/install/turtlebot3_project3/share/turtlebot3_project3//models/turtlebot3_common/meshes
[2.415s] -- Up-to-date: /home/leoo/Desktop/proj3p2_tu_Li_ajayi/project3_ws/install/turtlebot3_project3/share/turtlebot3_project3//models/turtlebot3_common/meshes/waffle_base.dae
[2.415s] -- Up-to-date: /home/leoo/Desktop/proj3p2_tu_Li_ajayi/project3_ws/install/turtlebot3_project3/share/turtlebot3_project3//models/turtlebot3_common/meshes/r200.dae
[2.415s] -- Up-to-date: /home/leoo/Desktop/proj3p2_tu_Li_ajayi/project3_ws/install/turtlebot3_project3/share/turtlebot3_project3//models/turtlebot3_common/meshes/waffle_pi_base.dae
[2.415s] -- Up-to-date: /home/leoo/Desktop/proj3p2_tu_Li_ajayi/project3_ws/install/turtlebot3_project3/share/turtlebot3_project3//models/turtlebot3_common/meshes/tire.dae
[2.415s] -- Up-to-date: /home/leoo/Desktop/proj3p2_tu_Li_ajayi/project3_ws/install/turtlebot3_project3/share/turtlebot3_project3//models/turtlebot3_common/meshes/burger_base.dae
[2.416s] -- Up-to-date: /home/leoo/Desktop/proj3p2_tu_Li_ajayi/project3_ws/install/turtlebot3_project3/share/turtlebot3_project3//models/turtlebot3_common/meshes/lds.dae
[2.416s] -- Up-to-date: /home/leoo/Desktop/proj3p2_tu_Li_ajayi/project3_ws/install/turtlebot3_project3/share/turtlebot3_project3//models/turtlebot3_common/model.config
[2.416s] -- Up-to-date: /home/leoo/Desktop/proj3p2_tu_Li_ajayi/project3_ws/install/turtlebot3_project3/share/turtlebot3_project3//models/turtlebot3_world
[2.416s] -- Up-to-date: /home/leoo/Desktop/proj3p2_tu_Li_ajayi/project3_ws/install/turtlebot3_project3/share/turtlebot3_project3//models/turtlebot3_world/meshes
[2.416s] -- Up-to-date: /home/leoo/Desktop/proj3p2_tu_Li_ajayi/project3_ws/install/turtlebot3_project3/share/turtlebot3_project3//models/turtlebot3_world/meshes/wall.dae
[2.416s] -- Up-to-date: /home/leoo/Desktop/proj3p2_tu_Li_ajayi/project3_ws/install/turtlebot3_project3/share/turtlebot3_project3//models/turtlebot3_world/meshes/hexagon.dae
[2.416s] -- Up-to-date: /home/leoo/Desktop/proj3p2_tu_Li_ajayi/project3_ws/install/turtlebot3_project3/share/turtlebot3_project3//models/turtlebot3_world/model-1_4.sdf
[2.416s] -- Up-to-date: /home/leoo/Desktop/proj3p2_tu_Li_ajayi/project3_ws/install/turtlebot3_project3/share/turtlebot3_project3//models/turtlebot3_world/model.config
[2.416s] -- Up-to-date: /home/leoo/Desktop/proj3p2_tu_Li_ajayi/project3_ws/install/turtlebot3_project3/share/turtlebot3_project3//models/turtlebot3_world/model.sdf
[2.416s] -- Up-to-date: /home/leoo/Desktop/proj3p2_tu_Li_ajayi/project3_ws/install/turtlebot3_project3/share/turtlebot3_project3//models/turtlebot3_waffle
[2.417s] -- Up-to-date: /home/leoo/Desktop/proj3p2_tu_Li_ajayi/project3_ws/install/turtlebot3_project3/share/turtlebot3_project3//models/turtlebot3_waffle/model-1_4.sdf
[2.417s] -- Up-to-date: /home/leoo/Desktop/proj3p2_tu_Li_ajayi/project3_ws/install/turtlebot3_project3/share/turtlebot3_project3//models/turtlebot3_waffle/model.config
[2.417s] -- Up-to-date: /home/leoo/Desktop/proj3p2_tu_Li_ajayi/project3_ws/install/turtlebot3_project3/share/turtlebot3_project3//models/turtlebot3_waffle/model.sdf
[2.417s] -- Up-to-date: /home/leoo/Desktop/proj3p2_tu_Li_ajayi/project3_ws/install/turtlebot3_project3/share/turtlebot3_project3//rviz
[2.417s] -- Up-to-date: /home/leoo/Desktop/proj3p2_tu_Li_ajayi/project3_ws/install/turtlebot3_project3/share/turtlebot3_project3//rviz/tb3_gazebo.rviz
[2.417s] -- Up-to-date: /home/leoo/Desktop/proj3p2_tu_Li_ajayi/project3_ws/install/turtlebot3_project3/share/turtlebot3_project3//urdf
[2.417s] -- Up-to-date: /home/leoo/Desktop/proj3p2_tu_Li_ajayi/project3_ws/install/turtlebot3_project3/share/turtlebot3_project3//urdf/common_properties.urdf
[2.417s] -- Up-to-date: /home/leoo/Desktop/proj3p2_tu_Li_ajayi/project3_ws/install/turtlebot3_project3/share/turtlebot3_project3//urdf/turtlebot3_waffle.urdf
[2.417s] -- Up-to-date: /home/leoo/Desktop/proj3p2_tu_Li_ajayi/project3_ws/install/turtlebot3_project3/share/turtlebot3_project3//worlds
[2.418s] -- Up-to-date: /home/leoo/Desktop/proj3p2_tu_Li_ajayi/project3_ws/install/turtlebot3_project3/share/turtlebot3_project3//worlds/empty_world.world
[2.418s] -- Up-to-date: /home/leoo/Desktop/proj3p2_tu_Li_ajayi/project3_ws/install/turtlebot3_project3/share/turtlebot3_project3//worlds/competition_world.world
[2.418s] -- Up-to-date: /home/leoo/Desktop/proj3p2_tu_Li_ajayi/project3_ws/install/turtlebot3_project3/include/
[2.418s] -- Up-to-date: /home/leoo/Desktop/proj3p2_tu_Li_ajayi/project3_ws/install/turtlebot3_project3/include//turtlebot3_project3
[2.418s] -- Up-to-date: /home/leoo/Desktop/proj3p2_tu_Li_ajayi/project3_ws/install/turtlebot3_project3/include//turtlebot3_project3/turtlebot3_drive.hpp
[2.418s] -- Up-to-date: /home/leoo/Desktop/proj3p2_tu_Li_ajayi/project3_ws/install/turtlebot3_project3/lib/turtlebot3_project3/teleop.py
[2.418s] -- Installing: /home/leoo/Desktop/proj3p2_tu_Li_ajayi/project3_ws/install/turtlebot3_project3/lib/turtlebot3_project3/123.py
[2.418s] -- Up-to-date: /home/leoo/Desktop/proj3p2_tu_Li_ajayi/project3_ws/install/turtlebot3_project3/share/ament_index/resource_index/package_run_dependencies/turtlebot3_project3
[2.418s] -- Installing: /home/leoo/Desktop/proj3p2_tu_Li_ajayi/project3_ws/install/turtlebot3_project3/share/ament_index/resource_index/parent_prefix_path/turtlebot3_project3
[2.419s] -- Up-to-date: /home/leoo/Desktop/proj3p2_tu_Li_ajayi/project3_ws/install/turtlebot3_project3/share/turtlebot3_project3/environment/ament_prefix_path.sh
[2.419s] -- Installing: /home/leoo/Desktop/proj3p2_tu_Li_ajayi/project3_ws/install/turtlebot3_project3/share/turtlebot3_project3/environment/ament_prefix_path.dsv
[2.419s] -- Up-to-date: /home/leoo/Desktop/proj3p2_tu_Li_ajayi/project3_ws/install/turtlebot3_project3/share/turtlebot3_project3/environment/path.sh
[2.419s] -- Installing: /home/leoo/Desktop/proj3p2_tu_Li_ajayi/project3_ws/install/turtlebot3_project3/share/turtlebot3_project3/environment/path.dsv
[2.419s] -- Up-to-date: /home/leoo/Desktop/proj3p2_tu_Li_ajayi/project3_ws/install/turtlebot3_project3/share/turtlebot3_project3/local_setup.bash
[2.419s] -- Up-to-date: /home/leoo/Desktop/proj3p2_tu_Li_ajayi/project3_ws/install/turtlebot3_project3/share/turtlebot3_project3/local_setup.sh
[2.419s] -- Up-to-date: /home/leoo/Desktop/proj3p2_tu_Li_ajayi/project3_ws/install/turtlebot3_project3/share/turtlebot3_project3/local_setup.zsh
[2.419s] -- Installing: /home/leoo/Desktop/proj3p2_tu_Li_ajayi/project3_ws/install/turtlebot3_project3/share/turtlebot3_project3/local_setup.dsv
[2.419s] -- Installing: /home/leoo/Desktop/proj3p2_tu_Li_ajayi/project3_ws/install/turtlebot3_project3/share/turtlebot3_project3/package.dsv
[2.420s] -- Up-to-date: /home/leoo/Desktop/proj3p2_tu_Li_ajayi/project3_ws/install/turtlebot3_project3/share/ament_index/resource_index/packages/turtlebot3_project3
[2.420s] -- Up-to-date: /home/leoo/Desktop/proj3p2_tu_Li_ajayi/project3_ws/install/turtlebot3_project3/share/turtlebot3_project3/cmake/ament_cmake_export_include_directories-extras.cmake
[2.420s] -- Up-to-date: /home/leoo/Desktop/proj3p2_tu_Li_ajayi/project3_ws/install/turtlebot3_project3/share/turtlebot3_project3/cmake/ament_cmake_export_dependencies-extras.cmake
[2.420s] -- Up-to-date: /home/leoo/Desktop/proj3p2_tu_Li_ajayi/project3_ws/install/turtlebot3_project3/share/turtlebot3_project3/cmake/turtlebot3_project3Config.cmake
[2.420s] -- Up-to-date: /home/leoo/Desktop/proj3p2_tu_Li_ajayi/project3_ws/install/turtlebot3_project3/share/turtlebot3_project3/cmake/turtlebot3_project3Config-version.cmake
[2.420s] -- Up-to-date: /home/leoo/Desktop/proj3p2_tu_Li_ajayi/project3_ws/install/turtlebot3_project3/share/turtlebot3_project3/package.xml
[2.430s] Invoked command in '/home/leoo/Desktop/proj3p2_tu_Li_ajayi/project3_ws/build/turtlebot3_project3' returned '0': CMAKE_PREFIX_PATH=${CMAKE_PREFIX_PATH}:/opt/ros/galactic /home/leoo/.local/bin/cmake --install /home/leoo/Desktop/proj3p2_tu_Li_ajayi/project3_ws/build/turtlebot3_project3
