[0.196s] DEBUG:colcon:Command line arguments: ['/usr/bin/colcon', 'build']
[0.196s] DEBUG:colcon:Parsed command line arguments: Namespace(allow_overriding=[], ament_cmake_args=None, base_paths=['.'], build_base='build', catkin_cmake_args=None, catkin_skip_building_tests=False, cmake_args=None, cmake_clean_cache=False, cmake_clean_first=False, cmake_force_configure=False, cmake_target=None, cmake_target_skip_unavailable=False, continue_on_error=False, event_handlers=None, executor='parallel', ignore_user_meta=False, install_base='install', log_base=None, log_level=None, main=<bound method BuildVerb.main of <colcon_core.verb.build.BuildVerb object at 0x7fa9aab8cfa0>>, merge_install=False, metas=['./colcon.meta'], packages_above=None, packages_above_and_dependencies=None, packages_above_depth=None, packages_end=None, packages_ignore=None, packages_ignore_regex=None, packages_select=None, packages_select_build_failed=False, packages_select_by_dep=None, packages_select_regex=None, packages_select_test_failures=False, packages_skip=None, packages_skip_build_finished=False, packages_skip_by_dep=None, packages_skip_regex=None, packages_skip_test_passed=False, packages_skip_up_to=None, packages_start=None, packages_up_to=None, packages_up_to_regex=None, parallel_workers=8, paths=None, symlink_install=False, test_result_base=None, verb_extension=<colcon_core.verb.build.BuildVerb object at 0x7fa9aab8cfa0>, verb_name='build', verb_parser=<colcon_defaults.argument_parser.defaults.DefaultArgumentsDecorator object at 0x7fa9aab1d460>)
[0.345s] Level 1:colcon.colcon_core.package_discovery:discover_packages(colcon_meta) check parameters
[0.346s] Level 1:colcon.colcon_core.package_discovery:discover_packages(recursive) check parameters
[0.346s] Level 1:colcon.colcon_core.package_discovery:discover_packages(ignore) check parameters
[0.346s] Level 1:colcon.colcon_core.package_discovery:discover_packages(path) check parameters
[0.346s] Level 1:colcon.colcon_core.package_discovery:discover_packages(colcon_meta) discover
[0.346s] Level 1:colcon.colcon_core.package_discovery:discover_packages(recursive) discover
[0.346s] INFO:colcon.colcon_core.package_discovery:Crawling recursively for packages in '/home/leoo/Desktop/proj3p2_tu_Li_ajayi/project3_ws'
[0.346s] Level 1:colcon.colcon_core.package_identification:_identify(.) by extensions ['ignore', 'ignore_ament_install']
[0.346s] Level 1:colcon.colcon_core.package_identification:_identify(.) by extension 'ignore'
[0.346s] Level 1:colcon.colcon_core.package_identification:_identify(.) by extension 'ignore_ament_install'
[0.347s] Level 1:colcon.colcon_core.package_identification:_identify(.) by extensions ['colcon_pkg']
[0.347s] Level 1:colcon.colcon_core.package_identification:_identify(.) by extension 'colcon_pkg'
[0.347s] Level 1:colcon.colcon_core.package_identification:_identify(.) by extensions ['colcon_meta']
[0.347s] Level 1:colcon.colcon_core.package_identification:_identify(.) by extension 'colcon_meta'
[0.347s] Level 1:colcon.colcon_core.package_identification:_identify(.) by extensions ['ros']
[0.347s] Level 1:colcon.colcon_core.package_identification:_identify(.) by extension 'ros'
[0.356s] Level 1:colcon.colcon_core.package_identification:_identify(.) by extensions ['cmake', 'python']
[0.356s] Level 1:colcon.colcon_core.package_identification:_identify(.) by extension 'cmake'
[0.356s] Level 1:colcon.colcon_core.package_identification:_identify(.) by extension 'python'
[0.356s] Level 1:colcon.colcon_core.package_identification:_identify(.) by extensions ['python_setup_py']
[0.356s] Level 1:colcon.colcon_core.package_identification:_identify(.) by extension 'python_setup_py'
[0.356s] Level 1:colcon.colcon_core.package_identification:_identify(build) by extensions ['ignore', 'ignore_ament_install']
[0.357s] Level 1:colcon.colcon_core.package_identification:_identify(build) by extension 'ignore'
[0.357s] Level 1:colcon.colcon_core.package_identification:_identify(build) ignored
[0.357s] Level 1:colcon.colcon_core.package_identification:_identify(install) by extensions ['ignore', 'ignore_ament_install']
[0.357s] Level 1:colcon.colcon_core.package_identification:_identify(install) by extension 'ignore'
[0.357s] Level 1:colcon.colcon_core.package_identification:_identify(install) ignored
[0.357s] Level 1:colcon.colcon_core.package_identification:_identify(log) by extensions ['ignore', 'ignore_ament_install']
[0.357s] Level 1:colcon.colcon_core.package_identification:_identify(log) by extension 'ignore'
[0.357s] Level 1:colcon.colcon_core.package_identification:_identify(log) ignored
[0.357s] Level 1:colcon.colcon_core.package_identification:_identify(src) by extensions ['ignore', 'ignore_ament_install']
[0.357s] Level 1:colcon.colcon_core.package_identification:_identify(src) by extension 'ignore'
[0.357s] Level 1:colcon.colcon_core.package_identification:_identify(src) by extension 'ignore_ament_install'
[0.357s] Level 1:colcon.colcon_core.package_identification:_identify(src) by extensions ['colcon_pkg']
[0.357s] Level 1:colcon.colcon_core.package_identification:_identify(src) by extension 'colcon_pkg'
[0.357s] Level 1:colcon.colcon_core.package_identification:_identify(src) by extensions ['colcon_meta']
[0.357s] Level 1:colcon.colcon_core.package_identification:_identify(src) by extension 'colcon_meta'
[0.357s] Level 1:colcon.colcon_core.package_identification:_identify(src) by extensions ['ros']
[0.357s] Level 1:colcon.colcon_core.package_identification:_identify(src) by extension 'ros'
[0.358s] Level 1:colcon.colcon_core.package_identification:_identify(src) by extensions ['cmake', 'python']
[0.358s] Level 1:colcon.colcon_core.package_identification:_identify(src) by extension 'cmake'
[0.358s] Level 1:colcon.colcon_core.package_identification:_identify(src) by extension 'python'
[0.358s] Level 1:colcon.colcon_core.package_identification:_identify(src) by extensions ['python_setup_py']
[0.358s] Level 1:colcon.colcon_core.package_identification:_identify(src) by extension 'python_setup_py'
[0.358s] Level 1:colcon.colcon_core.package_identification:_identify(src/turtlebot3_project3) by extensions ['ignore', 'ignore_ament_install']
[0.358s] Level 1:colcon.colcon_core.package_identification:_identify(src/turtlebot3_project3) by extension 'ignore'
[0.358s] Level 1:colcon.colcon_core.package_identification:_identify(src/turtlebot3_project3) by extension 'ignore_ament_install'
[0.358s] Level 1:colcon.colcon_core.package_identification:_identify(src/turtlebot3_project3) by extensions ['colcon_pkg']
[0.358s] Level 1:colcon.colcon_core.package_identification:_identify(src/turtlebot3_project3) by extension 'colcon_pkg'
[0.358s] Level 1:colcon.colcon_core.package_identification:_identify(src/turtlebot3_project3) by extensions ['colcon_meta']
[0.358s] Level 1:colcon.colcon_core.package_identification:_identify(src/turtlebot3_project3) by extension 'colcon_meta'
[0.358s] Level 1:colcon.colcon_core.package_identification:_identify(src/turtlebot3_project3) by extensions ['ros']
[0.358s] Level 1:colcon.colcon_core.package_identification:_identify(src/turtlebot3_project3) by extension 'ros'
[0.361s] DEBUG:colcon.colcon_core.package_identification:Package 'src/turtlebot3_project3' with type 'ros.ament_cmake' and name 'turtlebot3_project3'
[0.361s] Level 1:colcon.colcon_core.package_discovery:discover_packages(recursive) using defaults
[0.361s] Level 1:colcon.colcon_core.package_discovery:discover_packages(ignore) discover
[0.361s] Level 1:colcon.colcon_core.package_discovery:discover_packages(ignore) using defaults
[0.361s] Level 1:colcon.colcon_core.package_discovery:discover_packages(path) discover
[0.361s] Level 1:colcon.colcon_core.package_discovery:discover_packages(path) using defaults
[0.375s] Level 1:colcon.colcon_core.package_discovery:discover_packages(prefix_path) check parameters
[0.375s] Level 1:colcon.colcon_core.package_discovery:discover_packages(prefix_path) discover
[0.376s] DEBUG:colcon.colcon_installed_package_information.package_discovery:Found 1 installed packages in /home/leoo/Desktop/proj3p2_tu_Li_ajayi/project3_ws/install
[0.377s] DEBUG:colcon.colcon_installed_package_information.package_discovery:Found 355 installed packages in /opt/ros/galactic
[0.391s] Level 1:colcon.colcon_core.package_discovery:discover_packages(prefix_path) using defaults
[0.451s] Level 5:colcon.colcon_core.verb:set package 'turtlebot3_project3' build argument 'cmake_args' from command line to 'None'
[0.451s] Level 5:colcon.colcon_core.verb:set package 'turtlebot3_project3' build argument 'cmake_target' from command line to 'None'
[0.451s] Level 5:colcon.colcon_core.verb:set package 'turtlebot3_project3' build argument 'cmake_target_skip_unavailable' from command line to 'False'
[0.451s] Level 5:colcon.colcon_core.verb:set package 'turtlebot3_project3' build argument 'cmake_clean_cache' from command line to 'False'
[0.451s] Level 5:colcon.colcon_core.verb:set package 'turtlebot3_project3' build argument 'cmake_clean_first' from command line to 'False'
[0.451s] Level 5:colcon.colcon_core.verb:set package 'turtlebot3_project3' build argument 'cmake_force_configure' from command line to 'False'
[0.451s] Level 5:colcon.colcon_core.verb:set package 'turtlebot3_project3' build argument 'ament_cmake_args' from command line to 'None'
[0.451s] Level 5:colcon.colcon_core.verb:set package 'turtlebot3_project3' build argument 'catkin_cmake_args' from command line to 'None'
[0.451s] Level 5:colcon.colcon_core.verb:set package 'turtlebot3_project3' build argument 'catkin_skip_building_tests' from command line to 'False'
[0.451s] DEBUG:colcon.colcon_core.verb:Building package 'turtlebot3_project3' with the following arguments: {'ament_cmake_args': None, 'build_base': '/home/leoo/Desktop/proj3p2_tu_Li_ajayi/project3_ws/build/turtlebot3_project3', 'catkin_cmake_args': None, 'catkin_skip_building_tests': False, 'cmake_args': None, 'cmake_clean_cache': False, 'cmake_clean_first': False, 'cmake_force_configure': False, 'cmake_target': None, 'cmake_target_skip_unavailable': False, 'install_base': '/home/leoo/Desktop/proj3p2_tu_Li_ajayi/project3_ws/install/turtlebot3_project3', 'merge_install': False, 'path': '/home/leoo/Desktop/proj3p2_tu_Li_ajayi/project3_ws/src/turtlebot3_project3', 'symlink_install': False, 'test_result_base': None}
[0.451s] INFO:colcon.colcon_core.executor:Executing jobs using 'parallel' executor
[0.453s] DEBUG:colcon.colcon_parallel_executor.executor.parallel:run_until_complete
[0.453s] INFO:colcon.colcon_ros.task.ament_cmake.build:Building ROS package in '/home/leoo/Desktop/proj3p2_tu_Li_ajayi/project3_ws/src/turtlebot3_project3' with build type 'ament_cmake'
[0.453s] INFO:colcon.colcon_cmake.task.cmake.build:Building CMake package in '/home/leoo/Desktop/proj3p2_tu_Li_ajayi/project3_ws/src/turtlebot3_project3'
[0.455s] INFO:colcon.colcon_core.plugin_system:Skipping extension 'colcon_core.shell.bat': Not used on non-Windows systems
[0.455s] INFO:colcon.colcon_core.shell:Skip shell extension 'powershell' for command environment: Not usable outside of PowerShell
[0.455s] DEBUG:colcon.colcon_core.shell:Skip shell extension 'dsv' for command environment
[0.472s] DEBUG:colcon.colcon_core.event_handler.log_command:Invoking command in '/home/leoo/Desktop/proj3p2_tu_Li_ajayi/project3_ws/build/turtlebot3_project3': CMAKE_PREFIX_PATH=${CMAKE_PREFIX_PATH}:/opt/ros/galactic /home/leoo/.local/bin/cmake --build /home/leoo/Desktop/proj3p2_tu_Li_ajayi/project3_ws/build/turtlebot3_project3 -- -j8 -l8
[0.569s] DEBUG:colcon.colcon_core.event_handler.log_command:Invoked command in '/home/leoo/Desktop/proj3p2_tu_Li_ajayi/project3_ws/build/turtlebot3_project3' returned '0': CMAKE_PREFIX_PATH=${CMAKE_PREFIX_PATH}:/opt/ros/galactic /home/leoo/.local/bin/cmake --build /home/leoo/Desktop/proj3p2_tu_Li_ajayi/project3_ws/build/turtlebot3_project3 -- -j8 -l8
[0.720s] DEBUG:colcon.colcon_core.event_handler.log_command:Invoking command in '/home/leoo/Desktop/proj3p2_tu_Li_ajayi/project3_ws/build/turtlebot3_project3': CMAKE_PREFIX_PATH=${CMAKE_PREFIX_PATH}:/opt/ros/galactic /home/leoo/.local/bin/cmake --install /home/leoo/Desktop/proj3p2_tu_Li_ajayi/project3_ws/build/turtlebot3_project3
[0.786s] Level 1:colcon.colcon_core.environment:create_environment_scripts_only(turtlebot3_project3)
[0.787s] DEBUG:colcon.colcon_core.event_handler.log_command:Invoked command in '/home/leoo/Desktop/proj3p2_tu_Li_ajayi/project3_ws/build/turtlebot3_project3' returned '0': CMAKE_PREFIX_PATH=${CMAKE_PREFIX_PATH}:/opt/ros/galactic /home/leoo/.local/bin/cmake --install /home/leoo/Desktop/proj3p2_tu_Li_ajayi/project3_ws/build/turtlebot3_project3
[0.789s] Level 1:colcon.colcon_core.environment:checking '/home/leoo/Desktop/proj3p2_tu_Li_ajayi/project3_ws/install/turtlebot3_project3' for CMake module files
[0.790s] Level 1:colcon.colcon_core.environment:checking '/home/leoo/Desktop/proj3p2_tu_Li_ajayi/project3_ws/install/turtlebot3_project3' for CMake config files
[0.790s] Level 1:colcon.colcon_core.shell:create_environment_hook('turtlebot3_project3', 'cmake_prefix_path')
[0.790s] INFO:colcon.colcon_core.shell:Creating environment hook '/home/leoo/Desktop/proj3p2_tu_Li_ajayi/project3_ws/install/turtlebot3_project3/share/turtlebot3_project3/hook/cmake_prefix_path.ps1'
[0.791s] INFO:colcon.colcon_core.shell:Creating environment descriptor '/home/leoo/Desktop/proj3p2_tu_Li_ajayi/project3_ws/install/turtlebot3_project3/share/turtlebot3_project3/hook/cmake_prefix_path.dsv'
[0.792s] INFO:colcon.colcon_core.shell:Creating environment hook '/home/leoo/Desktop/proj3p2_tu_Li_ajayi/project3_ws/install/turtlebot3_project3/share/turtlebot3_project3/hook/cmake_prefix_path.sh'
[0.793s] Level 1:colcon.colcon_core.environment:checking '/home/leoo/Desktop/proj3p2_tu_Li_ajayi/project3_ws/install/turtlebot3_project3/lib'
[0.793s] Level 1:colcon.colcon_core.environment:checking '/home/leoo/Desktop/proj3p2_tu_Li_ajayi/project3_ws/install/turtlebot3_project3/bin'
[0.794s] Level 1:colcon.colcon_core.environment:checking '/home/leoo/Desktop/proj3p2_tu_Li_ajayi/project3_ws/install/turtlebot3_project3/lib/pkgconfig/turtlebot3_project3.pc'
[0.794s] Level 1:colcon.colcon_core.environment:checking '/home/leoo/Desktop/proj3p2_tu_Li_ajayi/project3_ws/install/turtlebot3_project3/lib/python3.8/site-packages'
[0.794s] Level 1:colcon.colcon_core.environment:checking '/home/leoo/Desktop/proj3p2_tu_Li_ajayi/project3_ws/install/turtlebot3_project3/bin'
[0.794s] INFO:colcon.colcon_core.shell:Creating package script '/home/leoo/Desktop/proj3p2_tu_Li_ajayi/project3_ws/install/turtlebot3_project3/share/turtlebot3_project3/package.ps1'
[0.795s] INFO:colcon.colcon_core.shell:Creating package descriptor '/home/leoo/Desktop/proj3p2_tu_Li_ajayi/project3_ws/install/turtlebot3_project3/share/turtlebot3_project3/package.dsv'
[0.796s] INFO:colcon.colcon_core.shell:Creating package script '/home/leoo/Desktop/proj3p2_tu_Li_ajayi/project3_ws/install/turtlebot3_project3/share/turtlebot3_project3/package.sh'
[0.797s] INFO:colcon.colcon_core.shell:Creating package script '/home/leoo/Desktop/proj3p2_tu_Li_ajayi/project3_ws/install/turtlebot3_project3/share/turtlebot3_project3/package.bash'
[0.798s] INFO:colcon.colcon_core.shell:Creating package script '/home/leoo/Desktop/proj3p2_tu_Li_ajayi/project3_ws/install/turtlebot3_project3/share/turtlebot3_project3/package.zsh'
[0.799s] Level 1:colcon.colcon_core.environment:create_file_with_runtime_dependencies(/home/leoo/Desktop/proj3p2_tu_Li_ajayi/project3_ws/install/turtlebot3_project3/share/colcon-core/packages/turtlebot3_project3)
[0.883s] Level 1:colcon.colcon_core.environment:create_environment_scripts_only(turtlebot3_project3)
[0.884s] Level 1:colcon.colcon_core.environment:checking '/home/leoo/Desktop/proj3p2_tu_Li_ajayi/project3_ws/install/turtlebot3_project3' for CMake module files
[0.884s] Level 1:colcon.colcon_core.environment:checking '/home/leoo/Desktop/proj3p2_tu_Li_ajayi/project3_ws/install/turtlebot3_project3' for CMake config files
[0.885s] Level 1:colcon.colcon_core.shell:create_environment_hook('turtlebot3_project3', 'cmake_prefix_path')
[0.885s] INFO:colcon.colcon_core.shell:Creating environment hook '/home/leoo/Desktop/proj3p2_tu_Li_ajayi/project3_ws/install/turtlebot3_project3/share/turtlebot3_project3/hook/cmake_prefix_path.ps1'
[0.886s] INFO:colcon.colcon_core.shell:Creating environment descriptor '/home/leoo/Desktop/proj3p2_tu_Li_ajayi/project3_ws/install/turtlebot3_project3/share/turtlebot3_project3/hook/cmake_prefix_path.dsv'
[0.887s] INFO:colcon.colcon_core.shell:Creating environment hook '/home/leoo/Desktop/proj3p2_tu_Li_ajayi/project3_ws/install/turtlebot3_project3/share/turtlebot3_project3/hook/cmake_prefix_path.sh'
[0.888s] Level 1:colcon.colcon_core.environment:checking '/home/leoo/Desktop/proj3p2_tu_Li_ajayi/project3_ws/install/turtlebot3_project3/lib'
[0.888s] Level 1:colcon.colcon_core.environment:checking '/home/leoo/Desktop/proj3p2_tu_Li_ajayi/project3_ws/install/turtlebot3_project3/bin'
[0.888s] Level 1:colcon.colcon_core.environment:checking '/home/leoo/Desktop/proj3p2_tu_Li_ajayi/project3_ws/install/turtlebot3_project3/lib/pkgconfig/turtlebot3_project3.pc'
[0.888s] Level 1:colcon.colcon_core.environment:checking '/home/leoo/Desktop/proj3p2_tu_Li_ajayi/project3_ws/install/turtlebot3_project3/lib/python3.8/site-packages'
[0.888s] Level 1:colcon.colcon_core.environment:checking '/home/leoo/Desktop/proj3p2_tu_Li_ajayi/project3_ws/install/turtlebot3_project3/bin'
[0.889s] INFO:colcon.colcon_core.shell:Creating package script '/home/leoo/Desktop/proj3p2_tu_Li_ajayi/project3_ws/install/turtlebot3_project3/share/turtlebot3_project3/package.ps1'
[0.890s] INFO:colcon.colcon_core.shell:Creating package descriptor '/home/leoo/Desktop/proj3p2_tu_Li_ajayi/project3_ws/install/turtlebot3_project3/share/turtlebot3_project3/package.dsv'
[0.891s] INFO:colcon.colcon_core.shell:Creating package script '/home/leoo/Desktop/proj3p2_tu_Li_ajayi/project3_ws/install/turtlebot3_project3/share/turtlebot3_project3/package.sh'
[0.892s] INFO:colcon.colcon_core.shell:Creating package script '/home/leoo/Desktop/proj3p2_tu_Li_ajayi/project3_ws/install/turtlebot3_project3/share/turtlebot3_project3/package.bash'
[0.893s] INFO:colcon.colcon_core.shell:Creating package script '/home/leoo/Desktop/proj3p2_tu_Li_ajayi/project3_ws/install/turtlebot3_project3/share/turtlebot3_project3/package.zsh'
[0.894s] Level 1:colcon.colcon_core.environment:create_file_with_runtime_dependencies(/home/leoo/Desktop/proj3p2_tu_Li_ajayi/project3_ws/install/turtlebot3_project3/share/colcon-core/packages/turtlebot3_project3)
[0.894s] DEBUG:colcon.colcon_parallel_executor.executor.parallel:closing loop
[0.895s] DEBUG:colcon.colcon_parallel_executor.executor.parallel:loop closed
[0.895s] DEBUG:colcon.colcon_parallel_executor.executor.parallel:run_until_complete finished with '0'
[0.895s] DEBUG:colcon.colcon_core.event_reactor:joining thread
[0.902s] INFO:colcon.colcon_core.plugin_system:Skipping extension 'colcon_notification.desktop_notification.terminal_notifier': Not used on non-Darwin systems
[0.902s] INFO:colcon.colcon_core.plugin_system:Skipping extension 'colcon_notification.desktop_notification.win32': Not used on non-Windows systems
[0.902s] INFO:colcon.colcon_notification.desktop_notification:Sending desktop notification using 'notify2'
[0.921s] DEBUG:colcon.colcon_core.event_reactor:joined thread
[0.921s] INFO:colcon.colcon_core.shell:Creating prefix script '/home/leoo/Desktop/proj3p2_tu_Li_ajayi/project3_ws/install/local_setup.ps1'
[0.923s] INFO:colcon.colcon_core.shell:Creating prefix util module '/home/leoo/Desktop/proj3p2_tu_Li_ajayi/project3_ws/install/_local_setup_util_ps1.py'
[0.924s] INFO:colcon.colcon_core.shell:Creating prefix chain script '/home/leoo/Desktop/proj3p2_tu_Li_ajayi/project3_ws/install/setup.ps1'
[0.926s] INFO:colcon.colcon_core.shell:Creating prefix script '/home/leoo/Desktop/proj3p2_tu_Li_ajayi/project3_ws/install/local_setup.sh'
[0.927s] INFO:colcon.colcon_core.shell:Creating prefix util module '/home/leoo/Desktop/proj3p2_tu_Li_ajayi/project3_ws/install/_local_setup_util_sh.py'
[0.928s] INFO:colcon.colcon_core.shell:Creating prefix chain script '/home/leoo/Desktop/proj3p2_tu_Li_ajayi/project3_ws/install/setup.sh'
[0.934s] INFO:colcon.colcon_core.shell:Creating prefix script '/home/leoo/Desktop/proj3p2_tu_Li_ajayi/project3_ws/install/local_setup.bash'
[0.935s] INFO:colcon.colcon_core.shell:Creating prefix chain script '/home/leoo/Desktop/proj3p2_tu_Li_ajayi/project3_ws/install/setup.bash'
[0.937s] INFO:colcon.colcon_core.shell:Creating prefix script '/home/leoo/Desktop/proj3p2_tu_Li_ajayi/project3_ws/install/local_setup.zsh'
[0.938s] INFO:colcon.colcon_core.shell:Creating prefix chain script '/home/leoo/Desktop/proj3p2_tu_Li_ajayi/project3_ws/install/setup.zsh'
